<?xml version="1.0" encoding="UTF-8"?>
<!-- Generated by org.testng.reporters.JUnitReportReporter -->
<testsuite hostname="DESKTOP-3HIK0JG" failures="0" tests="7" name="coderunner.runner" time="32.182" errors="0" timestamp="11 Feb 2025 13:04:54 GMT" skipped="0">
  <testcase classname="coderunner.runner" name="runScenario" time="6.247"/>
  <testcase classname="coderunner.runner" name="runScenario" time="5.483"/>
  <testcase classname="coderunner.runner" name="runScenario" time="4.797"/>
  <testcase classname="coderunner.runner" name="runScenario" time="2.945"/>
  <testcase classname="coderunner.runner" name="runScenario" time="4.826"/>
  <testcase classname="coderunner.runner" name="runScenario" time="3.742"/>
  <testcase classname="coderunner.runner" name="runScenario" time="4.142"/>
</testsuite> <!-- coderunner.runner -->
